<?xml version="1.0" encoding="UTF-8"?>
<!-- Generated by org.testng.reporters.JUnitReportReporter -->
<testsuite hostname="Diana" failures="0" tests="1" name="pruebaSelenium.NewTest" time="5.966" errors="0" timestamp="2024-04-18T08:35:42 COT" skipped="0">
  <testcase classname="pruebaSelenium.NewTest" name="f" time="5.966"/>
  <system-out/>
</testsuite> <!-- pruebaSelenium.NewTest -->
